<?xml version="1.0" encoding="UTF-8"?>
<!-- Generated by org.testng.reporters.JUnitReportReporter -->
<testsuite hostname="win2019" failures="0" tests="1" name="com.Browserlaunch.ChromeBrowser" time="10.539" errors="0" timestamp="2024-08-20T03:34:38 PDT" skipped="0">
  <testcase classname="com.Browserlaunch.ChromeBrowser" name="BrowserLaunch" time="10.539"/>
  <system-out/>
</testsuite> <!-- com.Browserlaunch.ChromeBrowser -->
