<?xml version="1.0" encoding="UTF-8"?>
<!-- Generated by org.testng.reporters.JUnitReportReporter -->
<testsuite hostname="win2019" failures="0" tests="1" name="com.Screenshot.ScreenshotHB" time="15.490" errors="0" timestamp="2024-09-01T06:16:31 PDT" skipped="0">
  <testcase classname="com.Screenshot.ScreenshotHB" name="TestHB" time="15.490"/>
  <system-out/>
</testsuite> <!-- com.Screenshot.ScreenshotHB -->
