<?xml version="1.0" encoding="UTF-8"?>
<!-- Generated by org.testng.reporters.JUnitReportReporter -->
<testsuite hostname="win2019" failures="0" tests="1" name="com.AlertsandAssertions.Assertions$EaseMyTripTest" time="27.482" errors="0" timestamp="2024-08-28T09:01:02 PDT" skipped="0">
  <testcase classname="com.AlertsandAssertions.Assertions$EaseMyTripTest" name="setUp" time="27.482"/>
  <system-out/>
</testsuite> <!-- com.AlertsandAssertions.Assertions$EaseMyTripTest -->
