<?xml version="1.0" encoding="UTF-8"?>
<!-- Generated by org.testng.reporters.JUnitReportReporter -->
<testsuite hostname="win2019" failures="0" tests="1" name="com.Browserlaunch.EdgeBrowser" time="5.562" errors="0" timestamp="2024-08-20T03:45:03 PDT" skipped="0">
  <testcase classname="com.Browserlaunch.EdgeBrowser" name="BrowserLaunch" time="5.562"/>
  <system-out/>
</testsuite> <!-- com.Browserlaunch.EdgeBrowser -->
