<?xml version="1.0" encoding="UTF-8"?>
<!-- Generated by org.testng.reporters.JUnitReportReporter -->
<testsuite hostname="win2019" failures="0" tests="1" name="com.Browserlaunch.TestMultipleURL" time="13.134" errors="0" timestamp="2024-08-21T04:01:44 PDT" skipped="0">
  <testcase classname="com.Browserlaunch.TestMultipleURL" name="testURLs" time="13.134"/>
  <system-out/>
</testsuite> <!-- com.Browserlaunch.TestMultipleURL -->
